<?xml version="1.0" encoding="UTF-8"?>
<testsuite name="treeTest" tests="3" skipped="0" failures="0" errors="0" timestamp="2023-04-23T19:31:43" hostname="NATALIA" time="0.021">
  <properties/>
  <testcase name="equalsTree()" classname="treeTest" time="0.018"/>
  <testcase name="pathLength()" classname="treeTest" time="0.001"/>
  <testcase name="LackOfChildren()" classname="treeTest" time="0.001"/>
  <system-out><![CDATA[]]></system-out>
  <system-err><![CDATA[]]></system-err>
</testsuite>
